{"name": "test_create_order[driver1]", "status": "failed", "statusDetails": {"message": "AssertionError: assert 9999 != 9999", "trace": "self = <test_base_functions.TestBaseFunctions object at 0x102f997f0>, driver = <selenium.webdriver.firefox.webdriver.WebDriver (session=\"367b81e5-f015-416f-a2f4-1fbe905bb337\")>\nsetup_driver = <selenium.webdriver.firefox.webdriver.WebDriver (session=\"367b81e5-f015-416f-a2f4-1fbe905bb337\")>, create_and_remove_user = <Response [200]>\n\n    @pytest.mark.parametrize('driver', [webdriver.Chrome(), webdriver.Firefox()])\n    def test_create_order(self, driver, setup_driver, create_and_remove_user):\n        home_page = HomePage(driver)\n        home_page.click_account_button()\n        account_page = PersonalAccountPage(driver)\n        email = create_and_remove_user.json().get('user').get('email')\n        account_page.sign_in(email, PASSWORD)\n        home_page.create_default_ingredient_order()\n        home_page.click_create_order_button()\n        time.sleep(5)\n        order_number = home_page.get_order_number()\n>       assert order_number != 9999\nE       assert 9999 != 9999\n\ntests/test_base_functions.py:59: AssertionError"}, "parameters": [{"name": "driver", "value": "<selenium.webdriver.firefox.webdriver.WebDriver (session=\"367b81e5-f015-416f-a2f4-1fbe905bb337\")>"}], "start": 1740119671395, "stop": 1740119680704, "uuid": "ec432795-fedb-4770-8e1d-f809e0126545", "historyId": "e25ce71952d337af14fc0f36cd9ee9fe", "testCaseId": "52aece4dadbeacf9413ef123b9be2524", "fullName": "tests.test_base_functions.TestBaseFunctions#test_create_order", "labels": [{"name": "parentSuite", "value": "tests"}, {"name": "suite", "value": "test_base_functions"}, {"name": "subSuite", "value": "TestBaseFunctions"}, {"name": "host", "value": "GM0V7WMM2R-MBP"}, {"name": "thread", "value": "34329-MainThread"}, {"name": "framework", "value": "pytest"}, {"name": "language", "value": "cpython3"}, {"name": "package", "value": "tests.test_base_functions"}]}