{"name": "Проверка открытия истории заказов", "status": "broken", "statusDetails": {"message": "selenium.common.exceptions.TimeoutException: Message: \nStacktrace:\n0   chromedriver                        0x0000000100c6eb58 cxxbridge1$str$ptr + 2724820\n1   chromedriver                        0x0000000100c671b8 cxxbridge1$str$ptr + 2693684\n2   chromedriver                        0x00000001007cdafc cxxbridge1$string$len + 93348\n3   chromedriver                        0x00000001008148f8 cxxbridge1$string$len + 383648\n4   chromedriver                        0x0000000100855b94 cxxbridge1$string$len + 650556\n5   chromedriver                        0x0000000100808ba0 cxxbridge1$string$len + 335176\n6   chromedriver                        0x0000000100c37610 cxxbridge1$str$ptr + 2498188\n7   chromedriver                        0x0000000100c3a924 cxxbridge1$str$ptr + 2511264\n8   chromedriver                        0x0000000100c1ccb0 cxxbridge1$str$ptr + 2389292\n9   chromedriver                        0x0000000100c3b1cc cxxbridge1$str$ptr + 2513480\n10  chromedriver                        0x0000000100c0dc98 cxxbridge1$str$ptr + 2327828\n11  chromedriver                        0x0000000100c57880 cxxbridge1$str$ptr + 2629884\n12  chromedriver                        0x0000000100c57a08 cxxbridge1$str$ptr + 2630276\n13  chromedriver                        0x0000000100c66e2c cxxbridge1$str$ptr + 2692776\n14  libsystem_pthread.dylib             0x0000000199ce02e4 _pthread_start + 136\n15  libsystem_pthread.dylib             0x0000000199cdb0fc thread_start + 8", "trace": "self = <test_personal_account.TestPersonalAccount object at 0x105198050>, driver = <selenium.webdriver.chrome.webdriver.WebDriver (session=\"85b0e61a262e3f7ea277623ddc868051\")>, create_and_remove_user = <Response [200]>\n\n    @allure.title(\"Проверка открытия истории заказов\")\n    def test_order_history_open(self, driver, create_and_remove_user):\n        home_page = HomePage(driver)\n        home_page.click_account_button()\n        account_page = PersonalAccountPage(driver)\n        email = create_and_remove_user.json().get('user').get('email')\n        account_page.sign_in(email, PASSWORD)\n        account_page.click_personal_account()\n>       account_page.click_order_history()\n\ntests/test_personal_account.py:31: \n_ _ _ _ _ _ _ _ _ _ _ _ _ _ _ _ _ _ _ _ _ _ _ _ _ _ _ _ _ _ _ _ _ _ _ _ _ _ _ _ _ _ _ _ _ _ _ _ _ _ _ _ _ _ _ _ _ _ _ _ _ _ _ _ _ _ _ _ _ _ _ _ _ _ _ _ _ _ _ _ _ _ _ _ _ _ _ _ _ _ _ _ _ _ _ _ _ _ _ _ _ _ _ _ _ _ _ _ _ _ _ _ _ _ _ _ _ _ _ _ _ _ _ _ _ _ _ _ _ _ _ _ \npage_object/personal_account_page.py:27: in click_order_history\n    self.find_and_click_element(ORDER_HISTORY_LOCATOR)\npage_object/page.py:43: in find_and_click_element\n    self.wait_for_element_to_appear(locator)\npage_object/page.py:48: in wait_for_element_to_appear\n    return self.wait.until(EC.presence_of_element_located(locator))\n_ _ _ _ _ _ _ _ _ _ _ _ _ _ _ _ _ _ _ _ _ _ _ _ _ _ _ _ _ _ _ _ _ _ _ _ _ _ _ _ _ _ _ _ _ _ _ _ _ _ _ _ _ _ _ _ _ _ _ _ _ _ _ _ _ _ _ _ _ _ _ _ _ _ _ _ _ _ _ _ _ _ _ _ _ _ _ _ _ _ _ _ _ _ _ _ _ _ _ _ _ _ _ _ _ _ _ _ _ _ _ _ _ _ _ _ _ _ _ _ _ _ _ _ _ _ _ _ _ _ _ _ \n\nself = <selenium.webdriver.support.wait.WebDriverWait (session=\"85b0e61a262e3f7ea277623ddc868051\")>, method = <function presence_of_element_located.<locals>._predicate at 0x1051b9a80>, message = ''\n\n    def until(self, method: Callable[[D], Union[Literal[False], T]], message: str = \"\") -> T:\n        \"\"\"Wait until the method returns a value that is not False.\n    \n        Calls the method provided with the driver as an argument until the\n        return value does not evaluate to ``False``.\n    \n        Parameters:\n        ----------\n        method: callable(WebDriver)\n            - A callable object that takes a WebDriver instance as an argument.\n    \n        message: str\n            - Optional message for :exc:`TimeoutException`\n    \n        Return:\n        -------\n        object: T\n            - The result of the last call to `method`\n    \n        Raises:\n        -------\n        TimeoutException\n            - If 'method' does not return a truthy value within the WebDriverWait\n            object's timeout\n    \n        Example:\n        --------\n        >>> from selenium.webdriver.common.by import By\n        >>> from selenium.webdriver.support.ui import WebDriverWait\n        >>> from selenium.webdriver.support import expected_conditions as EC\n    \n        # Wait until an element is visible on the page\n        >>> wait = WebDriverWait(driver, 10)\n        >>> element = wait.until(EC.visibility_of_element_located((By.ID, \"exampleId\")))\n        >>> print(element.text)\n        \"\"\"\n        screen = None\n        stacktrace = None\n    \n        end_time = time.monotonic() + self._timeout\n        while True:\n            try:\n                value = method(self._driver)\n                if value:\n                    return value\n            except self._ignored_exceptions as exc:\n                screen = getattr(exc, \"screen\", None)\n                stacktrace = getattr(exc, \"stacktrace\", None)\n            if time.monotonic() > end_time:\n                break\n            time.sleep(self._poll)\n>       raise TimeoutException(message, screen, stacktrace)\nE       selenium.common.exceptions.TimeoutException: Message: \nE       Stacktrace:\nE       0   chromedriver                        0x0000000100c6eb58 cxxbridge1$str$ptr + 2724820\nE       1   chromedriver                        0x0000000100c671b8 cxxbridge1$str$ptr + 2693684\nE       2   chromedriver                        0x00000001007cdafc cxxbridge1$string$len + 93348\nE       3   chromedriver                        0x00000001008148f8 cxxbridge1$string$len + 383648\nE       4   chromedriver                        0x0000000100855b94 cxxbridge1$string$len + 650556\nE       5   chromedriver                        0x0000000100808ba0 cxxbridge1$string$len + 335176\nE       6   chromedriver                        0x0000000100c37610 cxxbridge1$str$ptr + 2498188\nE       7   chromedriver                        0x0000000100c3a924 cxxbridge1$str$ptr + 2511264\nE       8   chromedriver                        0x0000000100c1ccb0 cxxbridge1$str$ptr + 2389292\nE       9   chromedriver                        0x0000000100c3b1cc cxxbridge1$str$ptr + 2513480\nE       10  chromedriver                        0x0000000100c0dc98 cxxbridge1$str$ptr + 2327828\nE       11  chromedriver                        0x0000000100c57880 cxxbridge1$str$ptr + 2629884\nE       12  chromedriver                        0x0000000100c57a08 cxxbridge1$str$ptr + 2630276\nE       13  chromedriver                        0x0000000100c66e2c cxxbridge1$str$ptr + 2692776\nE       14  libsystem_pthread.dylib             0x0000000199ce02e4 _pthread_start + 136\nE       15  libsystem_pthread.dylib             0x0000000199cdb0fc thread_start + 8\n\n.venv/lib/python3.13/site-packages/selenium/webdriver/support/wait.py:146: TimeoutException"}, "steps": [{"name": "Нажатие на кнопку Личный кабинет", "status": "passed", "start": 1740151194893, "stop": 1740151194936}, {"name": "Проведение авторизации", "status": "passed", "steps": [{"name": "Получение элемента по локатору", "status": "passed", "parameters": [{"name": "locator", "value": "['xpath', \"//label[text()='Email']/following-sibling::input\"]"}], "start": 1740151194936, "stop": 1740151194944}, {"name": "Получение элемента по локатору", "status": "passed", "parameters": [{"name": "locator", "value": "['xpath', \"//label[text()='Пароль']/following-sibling::input\"]"}], "start": 1740151195016, "stop": 1740151195023}], "parameters": [{"name": "email", "value": "'cdkaljzxv@mail.ru'"}, {"name": "password", "value": "'123456789'"}], "start": 1740151194936, "stop": 1740151195078}, {"name": "Переход в личный кабинет", "status": "passed", "start": 1740151195078, "stop": 1740151195106}, {"name": "Переход в историю заказов", "status": "broken", "statusDetails": {"message": "selenium.common.exceptions.TimeoutException: Message: \nStacktrace:\n0   chromedriver                        0x0000000100c6eb58 cxxbridge1$str$ptr + 2724820\n1   chromedriver                        0x0000000100c671b8 cxxbridge1$str$ptr + 2693684\n2   chromedriver                        0x00000001007cdafc cxxbridge1$string$len + 93348\n3   chromedriver                        0x00000001008148f8 cxxbridge1$string$len + 383648\n4   chromedriver                        0x0000000100855b94 cxxbridge1$string$len + 650556\n5   chromedriver                        0x0000000100808ba0 cxxbridge1$string$len + 335176\n6   chromedriver                        0x0000000100c37610 cxxbridge1$str$ptr + 2498188\n7   chromedriver                        0x0000000100c3a924 cxxbridge1$str$ptr + 2511264\n8   chromedriver                        0x0000000100c1ccb0 cxxbridge1$str$ptr + 2389292\n9   chromedriver                        0x0000000100c3b1cc cxxbridge1$str$ptr + 2513480\n10  chromedriver                        0x0000000100c0dc98 cxxbridge1$str$ptr + 2327828\n11  chromedriver                        0x0000000100c57880 cxxbridge1$str$ptr + 2629884\n12  chromedriver                        0x0000000100c57a08 cxxbridge1$str$ptr + 2630276\n13  chromedriver                        0x0000000100c66e2c cxxbridge1$str$ptr + 2692776\n14  libsystem_pthread.dylib             0x0000000199ce02e4 _pthread_start + 136\n15  libsystem_pthread.dylib             0x0000000199cdb0fc thread_start + 8\n\n", "trace": "  File \"/Users/grigorysevryukov/projects/Diplom_3/.venv/lib/python3.13/site-packages/allure_commons/_allure.py\", line 192, in impl\n    return func(*a, **kw)\n  File \"/Users/grigorysevryukov/projects/Diplom_3/page_object/personal_account_page.py\", line 27, in click_order_history\n    self.find_and_click_element(ORDER_HISTORY_LOCATOR)\n    ~~~~~~~~~~~~~~~~~~~~~~~~~~~^^^^^^^^^^^^^^^^^^^^^^^\n  File \"/Users/grigorysevryukov/projects/Diplom_3/page_object/page.py\", line 43, in find_and_click_element\n    self.wait_for_element_to_appear(locator)\n    ~~~~~~~~~~~~~~~~~~~~~~~~~~~~~~~^^^^^^^^^\n  File \"/Users/grigorysevryukov/projects/Diplom_3/page_object/page.py\", line 48, in wait_for_element_to_appear\n    return self.wait.until(EC.presence_of_element_located(locator))\n           ~~~~~~~~~~~~~~~^^^^^^^^^^^^^^^^^^^^^^^^^^^^^^^^^^^^^^^^^\n  File \"/Users/grigorysevryukov/projects/Diplom_3/.venv/lib/python3.13/site-packages/selenium/webdriver/support/wait.py\", line 146, in until\n    raise TimeoutException(message, screen, stacktrace)\n"}, "start": 1740151195106, "stop": 1740151205113}], "parameters": [{"name": "driver", "value": "<Browser.CHROME: 'chrome'>"}], "start": 1740151194893, "stop": 1740151205118, "uuid": "d2b1cb83-338a-493d-ab47-ed7d45323c12", "historyId": "bbef463dec43a4c0d8128055d6b8e559", "testCaseId": "05df86fa3afaba53f91e067af30b7c45", "fullName": "tests.test_personal_account.TestPersonalAccount#test_order_history_open", "labels": [{"name": "parentSuite", "value": "tests"}, {"name": "suite", "value": "test_personal_account"}, {"name": "subSuite", "value": "TestPersonalAccount"}, {"name": "host", "value": "GM0V7WMM2R-MBP"}, {"name": "thread", "value": "41954-MainThread"}, {"name": "framework", "value": "pytest"}, {"name": "language", "value": "cpython3"}, {"name": "package", "value": "tests.test_personal_account"}]}